<?xml version="1.0" encoding="UTF-8"?>
<coverage generated="1778313580307" clover="3.2.0">
  <project timestamp="1778313580308" name="All files">
    <metrics statements="30" coveredstatements="27" conditionals="16" coveredconditionals="13" methods="1" coveredmethods="1" elements="47" coveredelements="41" complexity="0" loc="30" ncloc="30" packages="1" files="1" classes="1"/>
    <file name="app1.js" path="C:\Users\ASUS\Desktop\Quallimetrie\smarthealth\app1.js">
      <metrics statements="30" coveredstatements="27" conditionals="16" coveredconditionals="13" methods="1" coveredmethods="1"/>
      <line num="1" count="1" type="stmt"/>
      <line num="2" count="1" type="stmt"/>
      <line num="3" count="1" type="stmt"/>
      <line num="6" count="1" type="stmt"/>
      <line num="8" count="5" type="stmt"/>
      <line num="10" count="5" type="stmt"/>
      <line num="12" count="5" type="cond" truecount="2" falsecount="0"/>
      <line num="13" count="2" type="stmt"/>
      <line num="15" count="3" type="cond" truecount="1" falsecount="1"/>
      <line num="16" count="3" type="stmt"/>
      <line num="18" count="0" type="stmt"/>
      <line num="22" count="5" type="stmt"/>
      <line num="24" count="5" type="cond" truecount="2" falsecount="0"/>
      <line num="26" count="3" type="cond" truecount="2" falsecount="0"/>
      <line num="27" count="1" type="stmt"/>
      <line num="30" count="2" type="cond" truecount="1" falsecount="1"/>
      <line num="31" count="2" type="stmt"/>
      <line num="33" count="0" type="stmt"/>
      <line num="37" count="2" type="stmt"/>
      <line num="40" count="5" type="stmt"/>
      <line num="42" count="5" type="stmt"/>
      <line num="44" count="5" type="cond" truecount="2" falsecount="0"/>
      <line num="45" count="1" type="stmt"/>
      <line num="47" count="4" type="cond" truecount="2" falsecount="0"/>
      <line num="49" count="1" type="cond" truecount="1" falsecount="1"/>
      <line num="50" count="1" type="stmt"/>
      <line num="52" count="0" type="stmt"/>
      <line num="56" count="3" type="stmt"/>
      <line num="61" count="5" type="stmt"/>
      <line num="69" count="1" type="stmt"/>
    </file>
  </project>
</coverage>
