{"C:\\Users\\ASUS\\Desktop\\Quallimetrie\\smarthealth\\app.js": {"path":"C:\\Users\\ASUS\\Desktop\\Quallimetrie\\smarthealth\\app.js","statementMap":{"0":{"start":{"line":1,"column":16},"end":{"line":1,"column":34}},"1":{"start":{"line":2,"column":12},"end":{"line":2,"column":21}},"2":{"start":{"line":3,"column":0},"end":{"line":3,"column":24}},"3":{"start":{"line":6,"column":21},"end":{"line":8,"column":1}},"4":{"start":{"line":7,"column":2},"end":{"line":7,"column":54}},"5":{"start":{"line":10,"column":22},"end":{"line":14,"column":1}},"6":{"start":{"line":11,"column":2},"end":{"line":11,"column":31}},"7":{"start":{"line":11,"column":22},"end":{"line":11,"column":31}},"8":{"start":{"line":12,"column":2},"end":{"line":12,"column":25}},"9":{"start":{"line":12,"column":16},"end":{"line":12,"column":25}},"10":{"start":{"line":13,"column":2},"end":{"line":13,"column":19}},"11":{"start":{"line":16,"column":26},"end":{"line":20,"column":1}},"12":{"start":{"line":17,"column":2},"end":{"line":17,"column":39}},"13":{"start":{"line":17,"column":30},"end":{"line":17,"column":39}},"14":{"start":{"line":18,"column":2},"end":{"line":18,"column":52}},"15":{"start":{"line":18,"column":30},"end":{"line":18,"column":52}},"16":{"start":{"line":19,"column":2},"end":{"line":19,"column":17}},"17":{"start":{"line":23,"column":0},"end":{"line":32,"column":3}},"18":{"start":{"line":24,"column":61},"end":{"line":24,"column":69}},"19":{"start":{"line":26,"column":20},"end":{"line":26,"column":50}},"20":{"start":{"line":27,"column":21},"end":{"line":27,"column":65}},"21":{"start":{"line":28,"column":29},"end":{"line":28,"column":51}},"22":{"start":{"line":29,"column":22},"end":{"line":29,"column":69}},"23":{"start":{"line":31,"column":2},"end":{"line":31,"column":71}},"24":{"start":{"line":34,"column":0},"end":{"line":34,"column":21}}},"fnMap":{"0":{"name":"(anonymous_0)","decl":{"start":{"line":6,"column":21},"end":{"line":6,"column":22}},"loc":{"start":{"line":6,"column":43},"end":{"line":8,"column":1}},"line":6},"1":{"name":"(anonymous_1)","decl":{"start":{"line":10,"column":22},"end":{"line":10,"column":23}},"loc":{"start":{"line":10,"column":57},"end":{"line":14,"column":1}},"line":10},"2":{"name":"(anonymous_2)","decl":{"start":{"line":16,"column":26},"end":{"line":16,"column":27}},"loc":{"start":{"line":16,"column":49},"end":{"line":20,"column":1}},"line":16},"3":{"name":"(anonymous_3)","decl":{"start":{"line":23,"column":30},"end":{"line":23,"column":31}},"loc":{"start":{"line":23,"column":44},"end":{"line":32,"column":1}},"line":23}},"branchMap":{"0":{"loc":{"start":{"line":7,"column":9},"end":{"line":7,"column":53}},"type":"cond-expr","locations":[{"start":{"line":7,"column":46},"end":{"line":7,"column":48}},{"start":{"line":7,"column":51},"end":{"line":7,"column":53}}],"line":7},"1":{"loc":{"start":{"line":11,"column":2},"end":{"line":11,"column":31}},"type":"if","locations":[{"start":{"line":11,"column":2},"end":{"line":11,"column":31}},{"start":{},"end":{}}],"line":11},"2":{"loc":{"start":{"line":12,"column":2},"end":{"line":12,"column":25}},"type":"if","locations":[{"start":{"line":12,"column":2},"end":{"line":12,"column":25}},{"start":{},"end":{}}],"line":12},"3":{"loc":{"start":{"line":17,"column":2},"end":{"line":17,"column":39}},"type":"if","locations":[{"start":{"line":17,"column":2},"end":{"line":17,"column":39}},{"start":{},"end":{}}],"line":17},"4":{"loc":{"start":{"line":18,"column":2},"end":{"line":18,"column":52}},"type":"if","locations":[{"start":{"line":18,"column":2},"end":{"line":18,"column":52}},{"start":{},"end":{}}],"line":18}},"s":{"0":1,"1":1,"2":1,"3":1,"4":5,"5":1,"6":5,"7":2,"8":3,"9":1,"10":2,"11":1,"12":5,"13":1,"14":4,"15":1,"16":3,"17":1,"18":5,"19":5,"20":5,"21":5,"22":5,"23":5,"24":1},"f":{"0":5,"1":5,"2":5,"3":5},"b":{"0":[3,2],"1":[2,3],"2":[1,2],"3":[1,4],"4":[1,3]},"_coverageSchema":"1a1c01bbd47fc00a2c39e90264f33305004495a9","hash":"42e226d2cc086f6c4d0fb0fc7fce247158795e7f"}
}
