{"C:\\Users\\ASUS\\Desktop\\Quallimetrie\\smarthealth\\app1.js": {"path":"C:\\Users\\ASUS\\Desktop\\Quallimetrie\\smarthealth\\app1.js","statementMap":{"0":{"start":{"line":1,"column":16},"end":{"line":1,"column":34}},"1":{"start":{"line":2,"column":12},"end":{"line":2,"column":21}},"2":{"start":{"line":3,"column":0},"end":{"line":3,"column":24}},"3":{"start":{"line":6,"column":0},"end":{"line":67,"column":3}},"4":{"start":{"line":8,"column":61},"end":{"line":8,"column":69}},"5":{"start":{"line":10,"column":18},"end":{"line":10,"column":19}},"6":{"start":{"line":12,"column":2},"end":{"line":20,"column":3}},"7":{"start":{"line":13,"column":4},"end":{"line":13,"column":19}},"8":{"start":{"line":15,"column":4},"end":{"line":19,"column":5}},"9":{"start":{"line":16,"column":6},"end":{"line":16,"column":21}},"10":{"start":{"line":18,"column":6},"end":{"line":18,"column":21}},"11":{"start":{"line":22,"column":19},"end":{"line":22,"column":20}},"12":{"start":{"line":24,"column":2},"end":{"line":38,"column":3}},"13":{"start":{"line":26,"column":4},"end":{"line":35,"column":5}},"14":{"start":{"line":27,"column":6},"end":{"line":27,"column":21}},"15":{"start":{"line":30,"column":6},"end":{"line":34,"column":7}},"16":{"start":{"line":31,"column":8},"end":{"line":31,"column":31}},"17":{"start":{"line":33,"column":8},"end":{"line":33,"column":23}},"18":{"start":{"line":37,"column":4},"end":{"line":37,"column":19}},"19":{"start":{"line":40,"column":29},"end":{"line":40,"column":51}},"20":{"start":{"line":42,"column":20},"end":{"line":42,"column":21}},"21":{"start":{"line":44,"column":2},"end":{"line":58,"column":3}},"22":{"start":{"line":45,"column":4},"end":{"line":45,"column":20}},"23":{"start":{"line":47,"column":4},"end":{"line":57,"column":5}},"24":{"start":{"line":49,"column":6},"end":{"line":53,"column":7}},"25":{"start":{"line":50,"column":8},"end":{"line":50,"column":48}},"26":{"start":{"line":52,"column":8},"end":{"line":52,"column":24}},"27":{"start":{"line":56,"column":6},"end":{"line":56,"column":39}},"28":{"start":{"line":61,"column":2},"end":{"line":66,"column":5}},"29":{"start":{"line":69,"column":0},"end":{"line":69,"column":21}}},"fnMap":{"0":{"name":"(anonymous_0)","decl":{"start":{"line":6,"column":30},"end":{"line":6,"column":31}},"loc":{"start":{"line":6,"column":44},"end":{"line":67,"column":1}},"line":6}},"branchMap":{"0":{"loc":{"start":{"line":12,"column":2},"end":{"line":20,"column":3}},"type":"if","locations":[{"start":{"line":12,"column":2},"end":{"line":20,"column":3}},{"start":{"line":14,"column":9},"end":{"line":20,"column":3}}],"line":12},"1":{"loc":{"start":{"line":15,"column":4},"end":{"line":19,"column":5}},"type":"if","locations":[{"start":{"line":15,"column":4},"end":{"line":19,"column":5}},{"start":{"line":17,"column":11},"end":{"line":19,"column":5}}],"line":15},"2":{"loc":{"start":{"line":24,"column":2},"end":{"line":38,"column":3}},"type":"if","locations":[{"start":{"line":24,"column":2},"end":{"line":38,"column":3}},{"start":{"line":36,"column":9},"end":{"line":38,"column":3}}],"line":24},"3":{"loc":{"start":{"line":26,"column":4},"end":{"line":35,"column":5}},"type":"if","locations":[{"start":{"line":26,"column":4},"end":{"line":35,"column":5}},{"start":{"line":28,"column":11},"end":{"line":35,"column":5}}],"line":26},"4":{"loc":{"start":{"line":30,"column":6},"end":{"line":34,"column":7}},"type":"if","locations":[{"start":{"line":30,"column":6},"end":{"line":34,"column":7}},{"start":{"line":32,"column":13},"end":{"line":34,"column":7}}],"line":30},"5":{"loc":{"start":{"line":44,"column":2},"end":{"line":58,"column":3}},"type":"if","locations":[{"start":{"line":44,"column":2},"end":{"line":58,"column":3}},{"start":{"line":46,"column":9},"end":{"line":58,"column":3}}],"line":44},"6":{"loc":{"start":{"line":47,"column":4},"end":{"line":57,"column":5}},"type":"if","locations":[{"start":{"line":47,"column":4},"end":{"line":57,"column":5}},{"start":{"line":54,"column":11},"end":{"line":57,"column":5}}],"line":47},"7":{"loc":{"start":{"line":49,"column":6},"end":{"line":53,"column":7}},"type":"if","locations":[{"start":{"line":49,"column":6},"end":{"line":53,"column":7}},{"start":{"line":51,"column":13},"end":{"line":53,"column":7}}],"line":49}},"s":{"0":1,"1":1,"2":1,"3":1,"4":5,"5":5,"6":5,"7":2,"8":3,"9":3,"10":0,"11":5,"12":5,"13":3,"14":1,"15":2,"16":2,"17":0,"18":2,"19":5,"20":5,"21":5,"22":1,"23":4,"24":1,"25":1,"26":0,"27":3,"28":5,"29":1},"f":{"0":5},"b":{"0":[2,3],"1":[3,0],"2":[3,2],"3":[1,2],"4":[2,0],"5":[1,4],"6":[1,3],"7":[1,0]},"_coverageSchema":"1a1c01bbd47fc00a2c39e90264f33305004495a9","hash":"f1cf5e095be54c402c3a1b43ab9cf19eea736711"}
}
