TN:
SF:app.js
FN:6,(anonymous_0)
FN:10,(anonymous_1)
FN:16,(anonymous_2)
FN:23,(anonymous_3)
FNF:4
FNH:4
FNDA:5,(anonymous_0)
FNDA:5,(anonymous_1)
FNDA:5,(anonymous_2)
FNDA:5,(anonymous_3)
DA:1,1
DA:2,1
DA:3,1
DA:6,1
DA:7,5
DA:10,1
DA:11,5
DA:12,3
DA:13,2
DA:16,1
DA:17,5
DA:18,4
DA:19,3
DA:23,1
DA:24,5
DA:26,5
DA:27,5
DA:28,5
DA:29,5
DA:31,5
DA:34,1
LF:21
LH:21
BRDA:7,0,0,3
BRDA:7,0,1,2
BRDA:11,1,0,2
BRDA:11,1,1,3
BRDA:12,2,0,1
BRDA:12,2,1,2
BRDA:17,3,0,1
BRDA:17,3,1,4
BRDA:18,4,0,1
BRDA:18,4,1,3
BRF:10
BRH:10
end_of_record
