TN:
SF:app1.js
FN:6,(anonymous_0)
FNF:1
FNH:1
FNDA:5,(anonymous_0)
DA:1,1
DA:2,1
DA:3,1
DA:6,1
DA:8,5
DA:10,5
DA:12,5
DA:13,2
DA:15,3
DA:16,3
DA:18,0
DA:22,5
DA:24,5
DA:26,3
DA:27,1
DA:30,2
DA:31,2
DA:33,0
DA:37,2
DA:40,5
DA:42,5
DA:44,5
DA:45,1
DA:47,4
DA:49,1
DA:50,1
DA:52,0
DA:56,3
DA:61,5
DA:69,1
LF:30
LH:27
BRDA:12,0,0,2
BRDA:12,0,1,3
BRDA:15,1,0,3
BRDA:15,1,1,0
BRDA:24,2,0,3
BRDA:24,2,1,2
BRDA:26,3,0,1
BRDA:26,3,1,2
BRDA:30,4,0,2
BRDA:30,4,1,0
BRDA:44,5,0,1
BRDA:44,5,1,4
BRDA:47,6,0,1
BRDA:47,6,1,3
BRDA:49,7,0,1
BRDA:49,7,1,0
BRF:16
BRH:13
end_of_record
